Watching for file changes with StatReloader
Performing system checks...

System check identified some issues:

WARNINGS:
todos.Todo: (models.W042) Auto-created primary key used when not defining a primary key type, by default 'django.db.models.AutoField'.
	HINT: Configure the DEFAULT_AUTO_FIELD setting or the TodosConfig.default_auto_field attribute to point to a subclass of AutoField, e.g. 'django.db.models.BigAutoField'.

System check identified 1 issue (0 silenced).
November 30, 2022 - 18:24:44
Django version 4.1.3, using settings 'todoApp.settings'
Starting development server at http://0.0.0.0:8001/
Quit the server with CONTROL-C.
[30/Nov/2022 18:25:38] "GET /todos/ HTTP/1.1" 200 4101
[30/Nov/2022 18:25:39] "GET /static/css/style.css HTTP/1.1" 304 0
[30/Nov/2022 18:26:05] "GET / HTTP/1.1" 302 0
[30/Nov/2022 18:26:06] "GET /todos HTTP/1.1" 301 0
Watching for file changes with StatReloader
Performing system checks...

System check identified some issues:

WARNINGS:
todos.Todo: (models.W042) Auto-created primary key used when not defining a primary key type, by default 'django.db.models.AutoField'.
	HINT: Configure the DEFAULT_AUTO_FIELD setting or the TodosConfig.default_auto_field attribute to point to a subclass of AutoField, e.g. 'django.db.models.BigAutoField'.

System check identified 1 issue (0 silenced).
November 30, 2022 - 18:59:33
Django version 4.1.3, using settings 'todoApp.settings'
Starting development server at http://0.0.0.0:8001/
Quit the server with CONTROL-C.
[30/Nov/2022 18:59:42] "GET /todos/ HTTP/1.1" 200 4101
[30/Nov/2022 18:59:42] "GET /static/css/style.css HTTP/1.1" 304 0
[30/Nov/2022 20:40:06] "GET /todos/ HTTP/1.1" 200 4101
[30/Nov/2022 20:40:07] "GET /static/css/style.css HTTP/1.1" 304 0
